This file contains any messages produced by compilers while
running configure, to aid debugging if configure makes a mistake.

It was created by FULL-PACKAGE-NAME configure VERSION, which was
generated by GNU Autoconf 2.69.  Invocation command line was

  $ ./configure 

## --------- ##
## Platform. ##
## --------- ##

hostname = yangyufeng
uname -m = x86_64
uname -r = 2.8.2(0.313/5/3)
uname -s = CYGWIN_NT-6.1
uname -v = 2017-07-12 10:58

/usr/bin/uname -p = unknown
/bin/uname -X     = unknown

/bin/arch              = x86_64
/usr/bin/arch -k       = unknown
/usr/convex/getsysinfo = unknown
/usr/bin/hostinfo      = unknown
/bin/machine           = unknown
/usr/bin/oslevel       = unknown
/bin/universe          = unknown

PATH: /usr/local/bin
PATH: /usr/bin
PATH: /cygdrive/c/ProgramData/Oracle/Java/javapath
PATH: /cygdrive/c/Program Files (x86)/Intel/iCLS Client
PATH: /cygdrive/c/Program Files/Intel/iCLS Client
PATH: /cygdrive/c/Program Files (x86)/NVIDIA Corporation/PhysX/Common
PATH: /cygdrive/c/Windows/system32
PATH: /cygdrive/c/Windows
PATH: /cygdrive/c/Windows/System32/Wbem
PATH: /cygdrive/c/Windows/System32/WindowsPowerShell/v1.0
PATH: /cygdrive/c/Program Files/Intel/Intel(R) Management Engine Components/DAL
PATH: /cygdrive/c/Program Files/Intel/Intel(R) Management Engine Components/IPT
PATH: /cygdrive/c/Program Files (x86)/Intel/Intel(R) Management Engine Components/DAL
PATH: /cygdrive/c/Program Files (x86)/Intel/Intel(R) Management Engine Components/IPT
PATH: /cygdrive/d/Program Files (X86)/VanDyke Software/Clients
PATH: /cygdrive/c/Program Files/TortoiseSVN/bin
PATH: /cygdrive/c/Program Files (x86)/Microsoft SQL Server/100/Tools/Binn
PATH: /cygdrive/c/Program Files/Microsoft SQL Server/100/Tools/Binn
PATH: /cygdrive/c/Program Files/Microsoft SQL Server/100/DTS/Binn
PATH: /cygdrive/d/Program Files (x86)/GNU/GnuPG/pub
PATH: /cygdrive/c/Program Files/EsafeNet/Cobra DocGuard Client
PATH: /cygdrive/d/android/java/jre-8u144-windows-x64/bin
PATH: /cygdrive/d/android/java/jre-8u144-windows-x64/jre/bin
PATH: /cygdrive/d/android/java/jre-8u144-windows-x64/bin
PATH: /cygdrive/d/android/android-sdk/platform-tools
PATH: /cygdrive/d/Program Files (x86)/Python
PATH: /cygdrive/c/Qt/Qt5.6.0/5.6/mingw49_32/bin


## ----------- ##
## Core tests. ##
## ----------- ##

configure:2295: checking for a BSD-compatible install
configure:2363: result: /usr/bin/install -c
configure:2374: checking whether build environment is sane
configure:2429: result: yes
configure:2580: checking for a thread-safe mkdir -p
configure:2619: result: /usr/bin/mkdir -p
configure:2626: checking for gawk
configure:2642: found /usr/bin/gawk
configure:2653: result: gawk
configure:2664: checking whether make sets $(MAKE)
configure:2686: result: yes
configure:2715: checking whether make supports nested variables
configure:2732: result: yes
configure:2918: checking for g++
configure:2934: found /usr/bin/g++
configure:2945: result: g++
configure:2972: checking for C++ compiler version
configure:2981: g++ --version >&5
g++ (GCC) 5.4.0
Copyright (C) 2015 Free Software Foundation, Inc.
This is free software; see the source for copying conditions.  There is NO
warranty; not even for MERCHANTABILITY or FITNESS FOR A PARTICULAR PURPOSE.

configure:2992: $? = 0
configure:2981: g++ -v >&5
Using built-in specs.
COLLECT_GCC=g++
COLLECT_LTO_WRAPPER=/usr/lib/gcc/x86_64-pc-cygwin/5.4.0/lto-wrapper.exe
Target: x86_64-pc-cygwin
Configured with: /cygdrive/i/szsz/tmpp/gcc/gcc-5.4.0-1.x86_64/src/gcc-5.4.0/configure --srcdir=/cygdrive/i/szsz/tmpp/gcc/gcc-5.4.0-1.x86_64/src/gcc-5.4.0 --prefix=/usr --exec-prefix=/usr --localstatedir=/var --sysconfdir=/etc --docdir=/usr/share/doc/gcc --htmldir=/usr/share/doc/gcc/html -C --build=x86_64-pc-cygwin --host=x86_64-pc-cygwin --target=x86_64-pc-cygwin --without-libiconv-prefix --without-libintl-prefix --libexecdir=/usr/lib --enable-shared --enable-shared-libgcc --enable-static --enable-version-specific-runtime-libs --enable-bootstrap --enable-__cxa_atexit --with-dwarf2 --with-tune=generic --enable-languages=ada,c,c++,fortran,lto,objc,obj-c++ --enable-graphite --enable-threads=posix --enable-libatomic --enable-libcilkrts --enable-libgomp --enable-libitm --enable-libquadmath --enable-libquadmath-support --enable-libssp --enable-libada --enable-libgcj-sublibs --disable-java-awt --disable-symvers --with-ecj-jar=/usr/share/java/ecj.jar --with-gnu-ld --with-gnu-as --with-cloog-include=/usr/include/cloog-isl --without-libiconv-prefix --without-libintl-prefix --with-system-zlib --enable-linker-build-id --with-default-libstdcxx-abi=gcc4-compatible
Thread model: posix
gcc version 5.4.0 (GCC) 
configure:2992: $? = 0
configure:2981: g++ -V >&5
g++: error: unrecognized command line option '-V'
g++: fatal error: no input files
compilation terminated.
configure:2992: $? = 1
configure:2981: g++ -qversion >&5
g++: error: unrecognized command line option '-qversion'
g++: fatal error: no input files
compilation terminated.
configure:2992: $? = 1
configure:3012: checking whether the C++ compiler works
configure:3034: g++    conftest.cpp  >&5
configure:3038: $? = 0
configure:3086: result: yes
configure:3089: checking for C++ compiler default output file name
configure:3091: result: a.exe
configure:3097: checking for suffix of executables
configure:3104: g++ -o conftest.exe    conftest.cpp  >&5
configure:3108: $? = 0
configure:3130: result: .exe
configure:3152: checking whether we are cross compiling
configure:3160: g++ -o conftest.exe    conftest.cpp  >&5
configure:3164: $? = 0
configure:3171: ./conftest.exe
configure:3175: $? = 0
configure:3190: result: no
configure:3195: checking for suffix of object files
configure:3217: g++ -c   conftest.cpp >&5
configure:3221: $? = 0
configure:3242: result: o
configure:3246: checking whether we are using the GNU C++ compiler
configure:3265: g++ -c   conftest.cpp >&5
configure:3265: $? = 0
configure:3274: result: yes
configure:3283: checking whether g++ accepts -g
configure:3303: g++ -c -g  conftest.cpp >&5
configure:3303: $? = 0
configure:3344: result: yes
configure:3378: checking for style of include used by make
configure:3406: result: GNU
configure:3432: checking dependency style of g++
configure:3543: result: gcc3
configure:3606: checking for gcc
configure:3622: found /usr/bin/gcc
configure:3633: result: gcc
configure:3862: checking for C compiler version
configure:3871: gcc --version >&5
gcc (GCC) 5.4.0
Copyright (C) 2015 Free Software Foundation, Inc.
This is free software; see the source for copying conditions.  There is NO
warranty; not even for MERCHANTABILITY or FITNESS FOR A PARTICULAR PURPOSE.

configure:3882: $? = 0
configure:3871: gcc -v >&5
Using built-in specs.
COLLECT_GCC=gcc
COLLECT_LTO_WRAPPER=/usr/lib/gcc/x86_64-pc-cygwin/5.4.0/lto-wrapper.exe
Target: x86_64-pc-cygwin
Configured with: /cygdrive/i/szsz/tmpp/gcc/gcc-5.4.0-1.x86_64/src/gcc-5.4.0/configure --srcdir=/cygdrive/i/szsz/tmpp/gcc/gcc-5.4.0-1.x86_64/src/gcc-5.4.0 --prefix=/usr --exec-prefix=/usr --localstatedir=/var --sysconfdir=/etc --docdir=/usr/share/doc/gcc --htmldir=/usr/share/doc/gcc/html -C --build=x86_64-pc-cygwin --host=x86_64-pc-cygwin --target=x86_64-pc-cygwin --without-libiconv-prefix --without-libintl-prefix --libexecdir=/usr/lib --enable-shared --enable-shared-libgcc --enable-static --enable-version-specific-runtime-libs --enable-bootstrap --enable-__cxa_atexit --with-dwarf2 --with-tune=generic --enable-languages=ada,c,c++,fortran,lto,objc,obj-c++ --enable-graphite --enable-threads=posix --enable-libatomic --enable-libcilkrts --enable-libgomp --enable-libitm --enable-libquadmath --enable-libquadmath-support --enable-libssp --enable-libada --enable-libgcj-sublibs --disable-java-awt --disable-symvers --with-ecj-jar=/usr/share/java/ecj.jar --with-gnu-ld --with-gnu-as --with-cloog-include=/usr/include/cloog-isl --without-libiconv-prefix --without-libintl-prefix --with-system-zlib --enable-linker-build-id --with-default-libstdcxx-abi=gcc4-compatible
Thread model: posix
gcc version 5.4.0 (GCC) 
configure:3882: $? = 0
configure:3871: gcc -V >&5
gcc: error: unrecognized command line option '-V'
gcc: fatal error: no input files
compilation terminated.
configure:3882: $? = 1
configure:3871: gcc -qversion >&5
gcc: error: unrecognized command line option '-qversion'
gcc: fatal error: no input files
compilation terminated.
configure:3882: $? = 1
configure:3886: checking whether we are using the GNU C compiler
configure:3905: gcc -c   conftest.c >&5
configure:3905: $? = 0
configure:3914: result: yes
configure:3923: checking whether gcc accepts -g
configure:3943: gcc -c -g  conftest.c >&5
configure:3943: $? = 0
configure:3984: result: yes
configure:4001: checking for gcc option to accept ISO C89
configure:4064: gcc  -c -g -O2  conftest.c >&5
configure:4064: $? = 0
configure:4077: result: none needed
configure:4102: checking whether gcc understands -c and -o together
configure:4124: gcc -c conftest.c -o conftest2.o
configure:4127: $? = 0
configure:4124: gcc -c conftest.c -o conftest2.o
configure:4127: $? = 0
configure:4139: result: yes
configure:4158: checking dependency style of gcc
configure:4269: result: gcc3
configure:4294: checking how to run the C preprocessor
configure:4325: gcc -E  conftest.c
configure:4325: $? = 0
configure:4339: gcc -E  conftest.c
conftest.c:11:28: fatal error: ac_nonexistent.h: No such file or directory
compilation terminated.
configure:4339: $? = 1
configure: failed program was:
| /* confdefs.h */
| #define PACKAGE_NAME "FULL-PACKAGE-NAME"
| #define PACKAGE_TARNAME "full-package-name"
| #define PACKAGE_VERSION "VERSION"
| #define PACKAGE_STRING "FULL-PACKAGE-NAME VERSION"
| #define PACKAGE_BUGREPORT "BUG-REPORT-ADDRESS"
| #define PACKAGE_URL ""
| #define PACKAGE "AmlImagePack"
| #define VERSION "1.0"
| /* end confdefs.h.  */
| #include <ac_nonexistent.h>
configure:4364: result: gcc -E
configure:4384: gcc -E  conftest.c
configure:4384: $? = 0
configure:4398: gcc -E  conftest.c
conftest.c:11:28: fatal error: ac_nonexistent.h: No such file or directory
compilation terminated.
configure:4398: $? = 1
configure: failed program was:
| /* confdefs.h */
| #define PACKAGE_NAME "FULL-PACKAGE-NAME"
| #define PACKAGE_TARNAME "full-package-name"
| #define PACKAGE_VERSION "VERSION"
| #define PACKAGE_STRING "FULL-PACKAGE-NAME VERSION"
| #define PACKAGE_BUGREPORT "BUG-REPORT-ADDRESS"
| #define PACKAGE_URL ""
| #define PACKAGE "AmlImagePack"
| #define VERSION "1.0"
| /* end confdefs.h.  */
| #include <ac_nonexistent.h>
configure:4427: checking for grep that handles long lines and -e
configure:4485: result: /usr/bin/grep
configure:4490: checking for egrep
configure:4552: result: /usr/bin/grep -E
configure:4557: checking for ANSI C header files
configure:4577: gcc -c -g -O2  conftest.c >&5
configure:4577: $? = 0
configure:4650: gcc -o conftest.exe -g -O2   conftest.c  >&5
configure:4650: $? = 0
configure:4650: ./conftest.exe
configure:4650: $? = 0
configure:4661: result: yes
configure:4674: checking for sys/types.h
configure:4674: gcc -c -g -O2  conftest.c >&5
configure:4674: $? = 0
configure:4674: result: yes
configure:4674: checking for sys/stat.h
configure:4674: gcc -c -g -O2  conftest.c >&5
configure:4674: $? = 0
configure:4674: result: yes
configure:4674: checking for stdlib.h
configure:4674: gcc -c -g -O2  conftest.c >&5
configure:4674: $? = 0
configure:4674: result: yes
configure:4674: checking for string.h
configure:4674: gcc -c -g -O2  conftest.c >&5
configure:4674: $? = 0
configure:4674: result: yes
configure:4674: checking for memory.h
configure:4674: gcc -c -g -O2  conftest.c >&5
configure:4674: $? = 0
configure:4674: result: yes
configure:4674: checking for strings.h
configure:4674: gcc -c -g -O2  conftest.c >&5
configure:4674: $? = 0
configure:4674: result: yes
configure:4674: checking for inttypes.h
configure:4674: gcc -c -g -O2  conftest.c >&5
configure:4674: $? = 0
configure:4674: result: yes
configure:4674: checking for stdint.h
configure:4674: gcc -c -g -O2  conftest.c >&5
configure:4674: $? = 0
configure:4674: result: yes
configure:4674: checking for unistd.h
configure:4674: gcc -c -g -O2  conftest.c >&5
configure:4674: $? = 0
configure:4674: result: yes
configure:4689: checking fcntl.h usability
configure:4689: gcc -c -g -O2  conftest.c >&5
configure:4689: $? = 0
configure:4689: result: yes
configure:4689: checking fcntl.h presence
configure:4689: gcc -E  conftest.c
configure:4689: $? = 0
configure:4689: result: yes
configure:4689: checking for fcntl.h
configure:4689: result: yes
configure:4689: checking for stdlib.h
configure:4689: result: yes
configure:4689: checking for string.h
configure:4689: result: yes
configure:4689: checking for unistd.h
configure:4689: result: yes
configure:4701: checking for off_t
configure:4701: gcc -c -g -O2  conftest.c >&5
configure:4701: $? = 0
configure:4701: gcc -c -g -O2  conftest.c >&5
conftest.c: In function 'main':
conftest.c:61:20: error: expected expression before ')' token
 if (sizeof ((off_t)))
                    ^
configure:4701: $? = 1
configure: failed program was:
| /* confdefs.h */
| #define PACKAGE_NAME "FULL-PACKAGE-NAME"
| #define PACKAGE_TARNAME "full-package-name"
| #define PACKAGE_VERSION "VERSION"
| #define PACKAGE_STRING "FULL-PACKAGE-NAME VERSION"
| #define PACKAGE_BUGREPORT "BUG-REPORT-ADDRESS"
| #define PACKAGE_URL ""
| #define PACKAGE "AmlImagePack"
| #define VERSION "1.0"
| #define STDC_HEADERS 1
| #define HAVE_SYS_TYPES_H 1
| #define HAVE_SYS_STAT_H 1
| #define HAVE_STDLIB_H 1
| #define HAVE_STRING_H 1
| #define HAVE_MEMORY_H 1
| #define HAVE_STRINGS_H 1
| #define HAVE_INTTYPES_H 1
| #define HAVE_STDINT_H 1
| #define HAVE_UNISTD_H 1
| #define HAVE_FCNTL_H 1
| #define HAVE_STDLIB_H 1
| #define HAVE_STRING_H 1
| #define HAVE_UNISTD_H 1
| /* end confdefs.h.  */
| #include <stdio.h>
| #ifdef HAVE_SYS_TYPES_H
| # include <sys/types.h>
| #endif
| #ifdef HAVE_SYS_STAT_H
| # include <sys/stat.h>
| #endif
| #ifdef STDC_HEADERS
| # include <stdlib.h>
| # include <stddef.h>
| #else
| # ifdef HAVE_STDLIB_H
| #  include <stdlib.h>
| # endif
| #endif
| #ifdef HAVE_STRING_H
| # if !defined STDC_HEADERS && defined HAVE_MEMORY_H
| #  include <memory.h>
| # endif
| # include <string.h>
| #endif
| #ifdef HAVE_STRINGS_H
| # include <strings.h>
| #endif
| #ifdef HAVE_INTTYPES_H
| # include <inttypes.h>
| #endif
| #ifdef HAVE_STDINT_H
| # include <stdint.h>
| #endif
| #ifdef HAVE_UNISTD_H
| # include <unistd.h>
| #endif
| int
| main ()
| {
| if (sizeof ((off_t)))
| 	    return 0;
|   ;
|   return 0;
| }
configure:4701: result: yes
configure:4712: checking for size_t
configure:4712: gcc -c -g -O2  conftest.c >&5
configure:4712: $? = 0
configure:4712: gcc -c -g -O2  conftest.c >&5
conftest.c: In function 'main':
conftest.c:61:21: error: expected expression before ')' token
 if (sizeof ((size_t)))
                     ^
configure:4712: $? = 1
configure: failed program was:
| /* confdefs.h */
| #define PACKAGE_NAME "FULL-PACKAGE-NAME"
| #define PACKAGE_TARNAME "full-package-name"
| #define PACKAGE_VERSION "VERSION"
| #define PACKAGE_STRING "FULL-PACKAGE-NAME VERSION"
| #define PACKAGE_BUGREPORT "BUG-REPORT-ADDRESS"
| #define PACKAGE_URL ""
| #define PACKAGE "AmlImagePack"
| #define VERSION "1.0"
| #define STDC_HEADERS 1
| #define HAVE_SYS_TYPES_H 1
| #define HAVE_SYS_STAT_H 1
| #define HAVE_STDLIB_H 1
| #define HAVE_STRING_H 1
| #define HAVE_MEMORY_H 1
| #define HAVE_STRINGS_H 1
| #define HAVE_INTTYPES_H 1
| #define HAVE_STDINT_H 1
| #define HAVE_UNISTD_H 1
| #define HAVE_FCNTL_H 1
| #define HAVE_STDLIB_H 1
| #define HAVE_STRING_H 1
| #define HAVE_UNISTD_H 1
| /* end confdefs.h.  */
| #include <stdio.h>
| #ifdef HAVE_SYS_TYPES_H
| # include <sys/types.h>
| #endif
| #ifdef HAVE_SYS_STAT_H
| # include <sys/stat.h>
| #endif
| #ifdef STDC_HEADERS
| # include <stdlib.h>
| # include <stddef.h>
| #else
| # ifdef HAVE_STDLIB_H
| #  include <stdlib.h>
| # endif
| #endif
| #ifdef HAVE_STRING_H
| # if !defined STDC_HEADERS && defined HAVE_MEMORY_H
| #  include <memory.h>
| # endif
| # include <string.h>
| #endif
| #ifdef HAVE_STRINGS_H
| # include <strings.h>
| #endif
| #ifdef HAVE_INTTYPES_H
| # include <inttypes.h>
| #endif
| #ifdef HAVE_STDINT_H
| # include <stdint.h>
| #endif
| #ifdef HAVE_UNISTD_H
| # include <unistd.h>
| #endif
| int
| main ()
| {
| if (sizeof ((size_t)))
| 	    return 0;
|   ;
|   return 0;
| }
configure:4712: result: yes
configure:4725: checking for _LARGEFILE_SOURCE value needed for large files
configure:4744: gcc -o conftest.exe -g -O2   conftest.c  >&5
configure:4744: $? = 0
configure:4772: result: no
configure:4795: checking for stdlib.h
configure:4795: result: yes
configure:4805: checking for GNU libc compatible malloc
configure:4829: gcc -o conftest.exe -g -O2   conftest.c  >&5
configure:4829: $? = 0
configure:4829: ./conftest.exe
configure:4829: $? = 0
configure:4839: result: yes
configure:4863: checking for memset
configure:4863: gcc -o conftest.exe -g -O2   conftest.c  >&5
conftest.c:51:6: warning: conflicting types for built-in function 'memset'
 char memset ();
      ^
configure:4863: $? = 0
configure:4863: result: yes
configure:4863: checking for strchr
configure:4863: gcc -o conftest.exe -g -O2   conftest.c  >&5
conftest.c:52:6: warning: conflicting types for built-in function 'strchr'
 char strchr ();
      ^
configure:4863: $? = 0
configure:4863: result: yes
configure:4863: checking for strerror
configure:4863: gcc -o conftest.exe -g -O2   conftest.c  >&5
configure:4863: $? = 0
configure:4863: result: yes
configure:4863: checking for strstr
configure:4863: gcc -o conftest.exe -g -O2   conftest.c  >&5
conftest.c:54:6: warning: conflicting types for built-in function 'strstr'
 char strstr ();
      ^
configure:4863: $? = 0
configure:4863: result: yes
configure:4984: checking that generated files are newer than configure
configure:4990: result: done
configure:5017: creating ./config.status

## ---------------------- ##
## Running config.status. ##
## ---------------------- ##

This file was extended by FULL-PACKAGE-NAME config.status VERSION, which was
generated by GNU Autoconf 2.69.  Invocation command line was

  CONFIG_FILES    = 
  CONFIG_HEADERS  = 
  CONFIG_LINKS    = 
  CONFIG_COMMANDS = 
  $ ./config.status 

on yangyufeng

config.status:869: creating Makefile
config.status:869: creating config.h
config.status:1098: executing depfiles commands

## ---------------- ##
## Cache variables. ##
## ---------------- ##

ac_cv_c_compiler_gnu=yes
ac_cv_cxx_compiler_gnu=yes
ac_cv_env_CCC_set=
ac_cv_env_CCC_value=
ac_cv_env_CC_set=
ac_cv_env_CC_value=
ac_cv_env_CFLAGS_set=
ac_cv_env_CFLAGS_value=
ac_cv_env_CPPFLAGS_set=
ac_cv_env_CPPFLAGS_value=
ac_cv_env_CPP_set=
ac_cv_env_CPP_value=
ac_cv_env_CXXFLAGS_set=
ac_cv_env_CXXFLAGS_value=
ac_cv_env_CXX_set=
ac_cv_env_CXX_value=
ac_cv_env_LDFLAGS_set=
ac_cv_env_LDFLAGS_value=
ac_cv_env_LIBS_set=
ac_cv_env_LIBS_value=
ac_cv_env_build_alias_set=
ac_cv_env_build_alias_value=
ac_cv_env_host_alias_set=
ac_cv_env_host_alias_value=
ac_cv_env_target_alias_set=
ac_cv_env_target_alias_value=
ac_cv_exeext=.exe
ac_cv_func_malloc_0_nonnull=yes
ac_cv_func_memset=yes
ac_cv_func_strchr=yes
ac_cv_func_strerror=yes
ac_cv_func_strstr=yes
ac_cv_header_fcntl_h=yes
ac_cv_header_inttypes_h=yes
ac_cv_header_memory_h=yes
ac_cv_header_stdc=yes
ac_cv_header_stdint_h=yes
ac_cv_header_stdlib_h=yes
ac_cv_header_string_h=yes
ac_cv_header_strings_h=yes
ac_cv_header_sys_stat_h=yes
ac_cv_header_sys_types_h=yes
ac_cv_header_unistd_h=yes
ac_cv_objext=o
ac_cv_path_EGREP='/usr/bin/grep -E'
ac_cv_path_GREP=/usr/bin/grep
ac_cv_path_install='/usr/bin/install -c'
ac_cv_path_mkdir=/usr/bin/mkdir
ac_cv_prog_AWK=gawk
ac_cv_prog_CPP='gcc -E'
ac_cv_prog_ac_ct_CC=gcc
ac_cv_prog_ac_ct_CXX=g++
ac_cv_prog_cc_c89=
ac_cv_prog_cc_g=yes
ac_cv_prog_cxx_g=yes
ac_cv_prog_make_make_set=yes
ac_cv_sys_largefile_source=no
ac_cv_type_off_t=yes
ac_cv_type_size_t=yes
am_cv_CC_dependencies_compiler_type=gcc3
am_cv_CXX_dependencies_compiler_type=gcc3
am_cv_make_support_nested_variables=yes
am_cv_prog_cc_c_o=yes

## ----------------- ##
## Output variables. ##
## ----------------- ##

ACLOCAL='${SHELL} /cygdrive/h/aml_image_packer/src/missing aclocal-1.14'
AMDEPBACKSLASH='\'
AMDEP_FALSE='#'
AMDEP_TRUE=''
AMTAR='$${TAR-tar}'
AM_BACKSLASH='\'
AM_DEFAULT_V='$(AM_DEFAULT_VERBOSITY)'
AM_DEFAULT_VERBOSITY='1'
AM_V='$(V)'
AUTOCONF='${SHELL} /cygdrive/h/aml_image_packer/src/missing autoconf'
AUTOHEADER='${SHELL} /cygdrive/h/aml_image_packer/src/missing autoheader'
AUTOMAKE='${SHELL} /cygdrive/h/aml_image_packer/src/missing automake-1.14'
AWK='gawk'
CC='gcc'
CCDEPMODE='depmode=gcc3'
CFLAGS='-g -O2'
CPP='gcc -E'
CPPFLAGS=''
CXX='g++'
CXXDEPMODE='depmode=gcc3'
CXXFLAGS='-g -O2'
CYGPATH_W='cygpath -w'
DEFS='-DHAVE_CONFIG_H'
DEPDIR='.deps'
ECHO_C=''
ECHO_N='-n'
ECHO_T=''
EGREP='/usr/bin/grep -E'
EXEEXT='.exe'
GREP='/usr/bin/grep'
INSTALL_DATA='${INSTALL} -m 644'
INSTALL_PROGRAM='${INSTALL}'
INSTALL_SCRIPT='${INSTALL}'
INSTALL_STRIP_PROGRAM='$(install_sh) -c -s'
LDFLAGS=''
LIBOBJS=''
LIBS=''
LTLIBOBJS=''
MAKEINFO='${SHELL} /cygdrive/h/aml_image_packer/src/missing makeinfo'
MKDIR_P='/usr/bin/mkdir -p'
OBJEXT='o'
PACKAGE='AmlImagePack'
PACKAGE_BUGREPORT='BUG-REPORT-ADDRESS'
PACKAGE_NAME='FULL-PACKAGE-NAME'
PACKAGE_STRING='FULL-PACKAGE-NAME VERSION'
PACKAGE_TARNAME='full-package-name'
PACKAGE_URL=''
PACKAGE_VERSION='VERSION'
PATH_SEPARATOR=':'
SET_MAKE=''
SHELL='/bin/sh'
STRIP=''
VERSION='1.0'
ac_ct_CC='gcc'
ac_ct_CXX='g++'
am__EXEEXT_FALSE='#'
am__EXEEXT_TRUE=''
am__fastdepCC_FALSE='#'
am__fastdepCC_TRUE=''
am__fastdepCXX_FALSE='#'
am__fastdepCXX_TRUE=''
am__include='include'
am__isrc=''
am__leading_dot='.'
am__nodep='_no'
am__quote=''
am__tar='$${TAR-tar} chof - "$$tardir"'
am__untar='$${TAR-tar} xf -'
bindir='${exec_prefix}/bin'
build_alias=''
datadir='${datarootdir}'
datarootdir='${prefix}/share'
docdir='${datarootdir}/doc/${PACKAGE_TARNAME}'
dvidir='${docdir}'
exec_prefix='${prefix}'
host_alias=''
htmldir='${docdir}'
includedir='${prefix}/include'
infodir='${datarootdir}/info'
install_sh='${SHELL} /cygdrive/h/aml_image_packer/src/install-sh'
libdir='${exec_prefix}/lib'
libexecdir='${exec_prefix}/libexec'
localedir='${datarootdir}/locale'
localstatedir='${prefix}/var'
mandir='${datarootdir}/man'
mkdir_p='$(MKDIR_P)'
oldincludedir='/usr/include'
pdfdir='${docdir}'
prefix='/usr/local'
program_transform_name='s,x,x,'
psdir='${docdir}'
sbindir='${exec_prefix}/sbin'
sharedstatedir='${prefix}/com'
sysconfdir='${prefix}/etc'
target_alias=''

## ----------- ##
## confdefs.h. ##
## ----------- ##

/* confdefs.h */
#define PACKAGE_NAME "FULL-PACKAGE-NAME"
#define PACKAGE_TARNAME "full-package-name"
#define PACKAGE_VERSION "VERSION"
#define PACKAGE_STRING "FULL-PACKAGE-NAME VERSION"
#define PACKAGE_BUGREPORT "BUG-REPORT-ADDRESS"
#define PACKAGE_URL ""
#define PACKAGE "AmlImagePack"
#define VERSION "1.0"
#define STDC_HEADERS 1
#define HAVE_SYS_TYPES_H 1
#define HAVE_SYS_STAT_H 1
#define HAVE_STDLIB_H 1
#define HAVE_STRING_H 1
#define HAVE_MEMORY_H 1
#define HAVE_STRINGS_H 1
#define HAVE_INTTYPES_H 1
#define HAVE_STDINT_H 1
#define HAVE_UNISTD_H 1
#define HAVE_FCNTL_H 1
#define HAVE_STDLIB_H 1
#define HAVE_STRING_H 1
#define HAVE_UNISTD_H 1
#define HAVE_FSEEKO 1
#define HAVE_STDLIB_H 1
#define HAVE_MALLOC 1
#define HAVE_MEMSET 1
#define HAVE_STRCHR 1
#define HAVE_STRERROR 1
#define HAVE_STRSTR 1

configure: exit 0
